{"/home/xwolf/code/Wolfinbarger/game-recommender/src/app/src/App.jsx": {"path":"/home/xwolf/code/Wolfinbarger/game-recommender/src/app/src/App.jsx","statementMap":{"0":{"start":{"line":5,"column":2},"end":{"line":10,"column":4}}},"fnMap":{"0":{"name":"App","decl":{"start":{"line":4,"column":9},"end":{"line":4,"column":12}},"loc":{"start":{"line":4,"column":15},"end":{"line":11,"column":1}},"line":4}},"branchMap":{},"s":{"0":0},"f":{"0":0},"b":{}}
,"/home/xwolf/code/Wolfinbarger/game-recommender/src/app/src/main.jsx": {"path":"/home/xwolf/code/Wolfinbarger/game-recommender/src/app/src/main.jsx","statementMap":{"0":{"start":{"line":6,"column":0},"end":{"line":10,"column":2}}},"fnMap":{},"branchMap":{},"s":{"0":0},"f":{},"b":{}}
,"/home/xwolf/code/Wolfinbarger/game-recommender/src/app/src/components/sum.js": {"path":"/home/xwolf/code/Wolfinbarger/game-recommender/src/app/src/components/sum.js","statementMap":{"0":{"start":{"line":2,"column":2},"end":{"line":2,"column":15}},"1":{"start":{"line":4,"column":0},"end":{"line":4,"column":21}}},"fnMap":{"0":{"name":"sum","decl":{"start":{"line":1,"column":9},"end":{"line":1,"column":12}},"loc":{"start":{"line":1,"column":19},"end":{"line":3,"column":1}},"line":1}},"branchMap":{},"s":{"0":1,"1":1},"f":{"0":1},"b":{},"_coverageSchema":"1a1c01bbd47fc00a2c39e90264f33305004495a9","hash":"b2a5fea8249ac06e362596b3d5dc140c14c34062"}
,"/home/xwolf/code/Wolfinbarger/game-recommender/src/app/src/components/avatar/Avatar.jsx": {"path":"/home/xwolf/code/Wolfinbarger/game-recommender/src/app/src/components/avatar/Avatar.jsx","statementMap":{"0":{"start":{"line":6,"column":15},"end":{"line":17,"column":1}},"1":{"start":{"line":7,"column":2},"end":{"line":16,"column":4}}},"fnMap":{"0":{"name":"(anonymous_0)","decl":{"start":{"line":6,"column":15},"end":{"line":6,"column":16}},"loc":{"start":{"line":6,"column":21},"end":{"line":17,"column":1}},"line":6}},"branchMap":{},"s":{"0":0,"1":0},"f":{"0":0},"b":{}}
,"/home/xwolf/code/Wolfinbarger/game-recommender/src/app/src/components/card/Card.jsx": {"path":"/home/xwolf/code/Wolfinbarger/game-recommender/src/app/src/components/card/Card.jsx","statementMap":{"0":{"start":{"line":12,"column":2},"end":{"line":62,"column":4}}},"fnMap":{"0":{"name":"Card","decl":{"start":{"line":11,"column":24},"end":{"line":11,"column":28}},"loc":{"start":{"line":11,"column":39},"end":{"line":63,"column":1}},"line":11}},"branchMap":{},"s":{"0":0},"f":{"0":0},"b":{}}
,"/home/xwolf/code/Wolfinbarger/game-recommender/src/app/src/components/cards/Cards.jsx": {"path":"/home/xwolf/code/Wolfinbarger/game-recommender/src/app/src/components/cards/Cards.jsx","statementMap":{"0":{"start":{"line":10,"column":17},"end":{"line":10,"column":55}},"1":{"start":{"line":13,"column":28},"end":{"line":13,"column":40}},"2":{"start":{"line":14,"column":32},"end":{"line":14,"column":46}},"3":{"start":{"line":15,"column":28},"end":{"line":15,"column":42}},"4":{"start":{"line":16,"column":26},"end":{"line":16,"column":37}},"5":{"start":{"line":18,"column":20},"end":{"line":29,"column":3}},"6":{"start":{"line":19,"column":4},"end":{"line":28,"column":5}},"7":{"start":{"line":20,"column":23},"end":{"line":20,"column":39}},"8":{"start":{"line":21,"column":6},"end":{"line":23,"column":7}},"9":{"start":{"line":22,"column":8},"end":{"line":22,"column":72}},"10":{"start":{"line":24,"column":19},"end":{"line":24,"column":40}},"11":{"start":{"line":25,"column":6},"end":{"line":25,"column":18}},"12":{"start":{"line":27,"column":6},"end":{"line":27,"column":61}},"13":{"start":{"line":31,"column":2},"end":{"line":45,"column":13}},"14":{"start":{"line":32,"column":29},"end":{"line":42,"column":5}},"15":{"start":{"line":33,"column":6},"end":{"line":41,"column":7}},"16":{"start":{"line":34,"column":8},"end":{"line":34,"column":25}},"17":{"start":{"line":35,"column":28},"end":{"line":35,"column":66}},"18":{"start":{"line":36,"column":8},"end":{"line":36,"column":35}},"19":{"start":{"line":38,"column":8},"end":{"line":38,"column":22}},"20":{"start":{"line":40,"column":8},"end":{"line":40,"column":26}},"21":{"start":{"line":44,"column":4},"end":{"line":44,"column":23}},"22":{"start":{"line":47,"column":24},"end":{"line":58,"column":3}},"23":{"start":{"line":48,"column":4},"end":{"line":57,"column":5}},"24":{"start":{"line":49,"column":6},"end":{"line":49,"column":23}},"25":{"start":{"line":50,"column":22},"end":{"line":50,"column":64}},"26":{"start":{"line":51,"column":6},"end":{"line":51,"column":63}},"27":{"start":{"line":51,"column":30},"end":{"line":51,"column":61}},"28":{"start":{"line":52,"column":6},"end":{"line":52,"column":42}},"29":{"start":{"line":52,"column":28},"end":{"line":52,"column":40}},"30":{"start":{"line":54,"column":6},"end":{"line":54,"column":20}},"31":{"start":{"line":56,"column":6},"end":{"line":56,"column":24}},"32":{"start":{"line":60,"column":2},"end":{"line":77,"column":4}},"33":{"start":{"line":71,"column":10},"end":{"line":71,"column":54}}},"fnMap":{"0":{"name":"Cards","decl":{"start":{"line":12,"column":24},"end":{"line":12,"column":29}},"loc":{"start":{"line":12,"column":32},"end":{"line":78,"column":1}},"line":12},"1":{"name":"(anonymous_1)","decl":{"start":{"line":18,"column":20},"end":{"line":18,"column":21}},"loc":{"start":{"line":18,"column":35},"end":{"line":29,"column":3}},"line":18},"2":{"name":"(anonymous_2)","decl":{"start":{"line":31,"column":12},"end":{"line":31,"column":13}},"loc":{"start":{"line":31,"column":18},"end":{"line":45,"column":3}},"line":31},"3":{"name":"(anonymous_3)","decl":{"start":{"line":32,"column":29},"end":{"line":32,"column":30}},"loc":{"start":{"line":32,"column":41},"end":{"line":42,"column":5}},"line":32},"4":{"name":"(anonymous_4)","decl":{"start":{"line":47,"column":24},"end":{"line":47,"column":25}},"loc":{"start":{"line":47,"column":36},"end":{"line":58,"column":3}},"line":47},"5":{"name":"(anonymous_5)","decl":{"start":{"line":51,"column":15},"end":{"line":51,"column":16}},"loc":{"start":{"line":51,"column":30},"end":{"line":51,"column":61}},"line":51},"6":{"name":"(anonymous_6)","decl":{"start":{"line":52,"column":14},"end":{"line":52,"column":15}},"loc":{"start":{"line":52,"column":28},"end":{"line":52,"column":40}},"line":52},"7":{"name":"(anonymous_7)","decl":{"start":{"line":70,"column":19},"end":{"line":70,"column":20}},"loc":{"start":{"line":71,"column":10},"end":{"line":71,"column":54}},"line":71}},"branchMap":{"0":{"loc":{"start":{"line":21,"column":6},"end":{"line":23,"column":7}},"type":"if","locations":[{"start":{"line":21,"column":6},"end":{"line":23,"column":7}},{"start":{},"end":{}}],"line":21},"1":{"loc":{"start":{"line":65,"column":17},"end":{"line":65,"column":78}},"type":"binary-expr","locations":[{"start":{"line":65,"column":17},"end":{"line":65,"column":25}},{"start":{"line":65,"column":29},"end":{"line":65,"column":78}}],"line":65},"2":{"loc":{"start":{"line":65,"column":45},"end":{"line":65,"column":77}},"type":"binary-expr","locations":[{"start":{"line":65,"column":45},"end":{"line":65,"column":65}},{"start":{"line":65,"column":69},"end":{"line":65,"column":77}}],"line":65},"3":{"loc":{"start":{"line":75,"column":7},"end":{"line":75,"column":45}},"type":"binary-expr","locations":[{"start":{"line":75,"column":7},"end":{"line":75,"column":12}},{"start":{"line":75,"column":16},"end":{"line":75,"column":45}}],"line":75}},"s":{"0":0,"1":0,"2":0,"3":0,"4":0,"5":0,"6":0,"7":0,"8":0,"9":0,"10":0,"11":0,"12":0,"13":0,"14":0,"15":0,"16":0,"17":0,"18":0,"19":0,"20":0,"21":0,"22":0,"23":0,"24":0,"25":0,"26":0,"27":0,"28":0,"29":0,"30":0,"31":0,"32":0,"33":0},"f":{"0":0,"1":0,"2":0,"3":0,"4":0,"5":0,"6":0,"7":0},"b":{"0":[0,0],"1":[0,0],"2":[0,0],"3":[0,0]}}
,"/home/xwolf/code/Wolfinbarger/game-recommender/src/app/src/components/footer/Footer.jsx": {"path":"/home/xwolf/code/Wolfinbarger/game-recommender/src/app/src/components/footer/Footer.jsx","statementMap":{"0":{"start":{"line":2,"column":15},"end":{"line":9,"column":1}},"1":{"start":{"line":3,"column":2},"end":{"line":8,"column":4}}},"fnMap":{"0":{"name":"(anonymous_0)","decl":{"start":{"line":2,"column":15},"end":{"line":2,"column":16}},"loc":{"start":{"line":2,"column":21},"end":{"line":9,"column":1}},"line":2}},"branchMap":{},"s":{"0":0,"1":0},"f":{"0":0},"b":{}}
,"/home/xwolf/code/Wolfinbarger/game-recommender/src/app/src/components/nav/Nav.jsx": {"path":"/home/xwolf/code/Wolfinbarger/game-recommender/src/app/src/components/nav/Nav.jsx","statementMap":{"0":{"start":{"line":13,"column":12},"end":{"line":57,"column":1}},"1":{"start":{"line":14,"column":2},"end":{"line":56,"column":4}}},"fnMap":{"0":{"name":"(anonymous_0)","decl":{"start":{"line":13,"column":12},"end":{"line":13,"column":13}},"loc":{"start":{"line":13,"column":18},"end":{"line":57,"column":1}},"line":13}},"branchMap":{},"s":{"0":0,"1":0},"f":{"0":0},"b":{}}
}
